<?xml version="1.0" encoding="UTF-8"?>
<robot generator="Robot 7.2 (Python 3.12.6 on linux)" generated="2025-01-27T22:17:30.832100" rpa="false" schemaversion="5">
<suite id="s1" name="Amazon Testes Gherkin Bdd" source="/home/barbaramenezes/robot/webTesting/amazon_testes_gherkin_bdd.robot">
<test id="s1-t1" name="Caso de Teste 01 - Acesso ao menu &quot;Eletronicos&quot;" line="8">
<kw name="Abrir o navegador" owner="amazon_resources" type="SETUP">
<kw name="Open Browser" owner="SeleniumLibrary">
<msg time="2025-01-27T22:17:30.945979" level="INFO">Opening browser 'googlechrome' to base url 'None'.</msg>
<arg>browser=googlechrome</arg>
<doc>Opens a new browser instance to the optional ``url``.</doc>
<status status="PASS" start="2025-01-27T22:17:30.945822" elapsed="0.475918"/>
</kw>
<kw name="Maximize Browser Window" owner="SeleniumLibrary">
<doc>Maximizes current browser window.</doc>
<status status="PASS" start="2025-01-27T22:17:31.421973" elapsed="0.031884"/>
</kw>
<status status="PASS" start="2025-01-27T22:17:30.945246" elapsed="0.508772"/>
</kw>
<kw name="Dado que estou na home page da Amazon.com.br" owner="amazon_resources_bdd">
<kw name="Acessar a home page do site Amazon.com.br" owner="amazon_resources">
<kw name="Go To" owner="SeleniumLibrary">
<msg time="2025-01-27T22:17:31.455578" level="INFO">Opening url 'https://www.amazon.com.br'</msg>
<arg>url=${URL}</arg>
<doc>Navigates the current browser window to the provided ``url``.</doc>
<status status="PASS" start="2025-01-27T22:17:31.455353" elapsed="1.223228"/>
</kw>
<kw name="Sleep" owner="BuiltIn">
<msg time="2025-01-27T22:17:57.679478" level="INFO">Slept 25 seconds.</msg>
<arg>time_=25s</arg>
<doc>Pauses the test executed for the given time.</doc>
<status status="PASS" start="2025-01-27T22:17:32.678887" elapsed="25.000777"/>
</kw>
<kw name="Wait Until Element Is Visible" owner="SeleniumLibrary">
<arg>locator=${MENU_ELETRONICOS}</arg>
<doc>Waits until the element ``locator`` is visible.</doc>
<status status="PASS" start="2025-01-27T22:17:57.679967" elapsed="0.027618"/>
</kw>
<status status="PASS" start="2025-01-27T22:17:31.455105" elapsed="26.252662"/>
</kw>
<kw name="Verificar se o título da página fica &quot;Amazon.com.br | Tudo pra você, de A a Z.&quot;" owner="amazon_resources" source_name="Verificar se o título da página fica &quot;${TITULO}&quot;">
<kw name="Title Should Be" owner="SeleniumLibrary">
<msg time="2025-01-27T22:17:57.712896" level="INFO">Page title is 'Amazon.com.br | Tudo pra você, de A a Z.'.</msg>
<arg>title=${TITULO}</arg>
<doc>Verifies that the current page title equals ``title``.</doc>
<status status="PASS" start="2025-01-27T22:17:57.708225" elapsed="0.004762"/>
</kw>
<status status="PASS" start="2025-01-27T22:17:57.708001" elapsed="0.005068"/>
</kw>
<status status="PASS" start="2025-01-27T22:17:31.454394" elapsed="26.258719"/>
</kw>
<kw name="Quando acessar o menu &quot;Eletrônicos&quot;" owner="amazon_resources_bdd">
<kw name="Entrar no menu &quot;Eletronicos&quot;" owner="amazon_resources">
<kw name="Click Element" owner="SeleniumLibrary">
<msg time="2025-01-27T22:17:57.713852" level="INFO">Clicking element '//a[@href='/Eletronicos-e-Tecnologia/b/?ie=UTF8&amp;node=16209062011&amp;ref_=nav_cs_electronics']'.</msg>
<arg>locator=${MENU_ELETRONICOS}</arg>
<doc>Click the element identified by ``locator``.</doc>
<status status="PASS" start="2025-01-27T22:17:57.713668" elapsed="2.393006"/>
</kw>
<status status="PASS" start="2025-01-27T22:17:57.713514" elapsed="2.393265"/>
</kw>
<status status="PASS" start="2025-01-27T22:17:57.713303" elapsed="2.393533"/>
</kw>
<kw name="Então o título da página deve ficar &quot;Eletrônicos e Tecnologia | Amazon.com.br&quot;" owner="amazon_resources_bdd">
<kw name="Verificar se o título da página fica &quot;Eletrônicos e Tecnologia | Amazon.com.br&quot;" owner="amazon_resources" source_name="Verificar se o título da página fica &quot;${TITULO}&quot;">
<kw name="Title Should Be" owner="SeleniumLibrary">
<msg time="2025-01-27T22:18:00.116477" level="INFO">Page title is 'Eletrônicos e Tecnologia | Amazon.com.br'.</msg>
<arg>title=${TITULO}</arg>
<doc>Verifies that the current page title equals ``title``.</doc>
<status status="PASS" start="2025-01-27T22:18:00.107532" elapsed="0.009057"/>
</kw>
<status status="PASS" start="2025-01-27T22:18:00.107356" elapsed="0.009337"/>
</kw>
<status status="PASS" start="2025-01-27T22:18:00.107104" elapsed="0.009650"/>
</kw>
<kw name="E o texto &quot;Eletrônicos e Tecnologia&quot; deve ser exibido na página com a categoria &quot;Computadores e Informática&quot;" owner="amazon_resources_bdd">
<kw name="Verificar se o título da página fica &quot;Eletrônicos e Tecnologia | Amazon.com.br&quot;" owner="amazon_resources" source_name="Verificar se o título da página fica &quot;${TITULO}&quot;">
<kw name="Title Should Be" owner="SeleniumLibrary">
<msg time="2025-01-27T22:18:00.121675" level="INFO">Page title is 'Eletrônicos e Tecnologia | Amazon.com.br'.</msg>
<arg>title=${TITULO}</arg>
<doc>Verifies that the current page title equals ``title``.</doc>
<status status="PASS" start="2025-01-27T22:18:00.117893" elapsed="0.003878"/>
</kw>
<status status="PASS" start="2025-01-27T22:18:00.117532" elapsed="0.004328"/>
</kw>
<kw name="Verificar se aparece a categoria &quot;Computadores e Informática&quot;" owner="amazon_resources" source_name="Verificar se aparece a categoria &quot;${NOME_CATEGORIA}&quot;">
<kw name="Element Should Be Visible" owner="SeleniumLibrary">
<msg time="2025-01-27T22:18:00.153176" level="INFO">Element '//div[@class='a-cardui-footer dcl-card-footer'][contains(.,'Computadores e Informática')]' is displayed.</msg>
<arg>locator=//div[@class='a-cardui-footer dcl-card-footer'][contains(.,'${NOME_CATEGORIA}')]</arg>
<doc>Verifies that the element identified by ``locator`` is visible.</doc>
<status status="PASS" start="2025-01-27T22:18:00.122282" elapsed="0.031034"/>
</kw>
<status status="PASS" start="2025-01-27T22:18:00.122019" elapsed="0.031434"/>
</kw>
<status status="PASS" start="2025-01-27T22:18:00.117060" elapsed="0.036464"/>
</kw>
<kw name="Fechar o navegador" owner="amazon_resources" type="TEARDOWN">
<kw name="Capture Page Screenshot" owner="SeleniumLibrary">
<msg time="2025-01-27T22:18:00.362830" level="INFO" html="true">&lt;/td&gt;&lt;/tr&gt;&lt;tr&gt;&lt;td colspan="3"&gt;&lt;a href="selenium-screenshot-7.png"&gt;&lt;img src="selenium-screenshot-7.png" width="800px"&gt;&lt;/a&gt;</msg>
<doc>Takes a screenshot of the current page and embeds it into a log file.</doc>
<status status="PASS" start="2025-01-27T22:18:00.154149" elapsed="0.208816"/>
</kw>
<kw name="Close Browser" owner="SeleniumLibrary">
<doc>Closes the current browser.</doc>
<status status="PASS" start="2025-01-27T22:18:00.363129" elapsed="0.096702"/>
</kw>
<status status="PASS" start="2025-01-27T22:18:00.153788" elapsed="0.306161"/>
</kw>
<doc>Esse teste verifica o menu Eletronicos do site amazon.com.br
e verifica a categoria Computadores e Informática</doc>
<tag>categorias</tag>
<tag>menus</tag>
<status status="PASS" start="2025-01-27T22:17:30.944554" elapsed="29.515499"/>
</test>
<test id="s1-t2" name="Caso de Teste 02 - Pesquisa de um Produto" line="16">
<kw name="Abrir o navegador" owner="amazon_resources" type="SETUP">
<kw name="Open Browser" owner="SeleniumLibrary">
<msg time="2025-01-27T22:18:00.461714" level="INFO">Opening browser 'googlechrome' to base url 'None'.</msg>
<arg>browser=googlechrome</arg>
<doc>Opens a new browser instance to the optional ``url``.</doc>
<status status="PASS" start="2025-01-27T22:18:00.461442" elapsed="0.441624"/>
</kw>
<kw name="Maximize Browser Window" owner="SeleniumLibrary">
<doc>Maximizes current browser window.</doc>
<status status="PASS" start="2025-01-27T22:18:00.903226" elapsed="0.025684"/>
</kw>
<status status="PASS" start="2025-01-27T22:18:00.461176" elapsed="0.467866"/>
</kw>
<kw name="Dado que estou na home page da Amazon.com.br" owner="amazon_resources_bdd">
<kw name="Acessar a home page do site Amazon.com.br" owner="amazon_resources">
<kw name="Go To" owner="SeleniumLibrary">
<msg time="2025-01-27T22:18:00.929937" level="INFO">Opening url 'https://www.amazon.com.br'</msg>
<arg>url=${URL}</arg>
<doc>Navigates the current browser window to the provided ``url``.</doc>
<status status="PASS" start="2025-01-27T22:18:00.929764" elapsed="1.130215"/>
</kw>
<kw name="Sleep" owner="BuiltIn">
<msg time="2025-01-27T22:18:27.060893" level="INFO">Slept 25 seconds.</msg>
<arg>time_=25s</arg>
<doc>Pauses the test executed for the given time.</doc>
<status status="PASS" start="2025-01-27T22:18:02.060186" elapsed="25.000948"/>
</kw>
<kw name="Wait Until Element Is Visible" owner="SeleniumLibrary">
<arg>locator=${MENU_ELETRONICOS}</arg>
<doc>Waits until the element ``locator`` is visible.</doc>
<status status="PASS" start="2025-01-27T22:18:27.061435" elapsed="0.028038"/>
</kw>
<status status="PASS" start="2025-01-27T22:18:00.929609" elapsed="26.159960"/>
</kw>
<kw name="Verificar se o título da página fica &quot;Amazon.com.br | Tudo pra você, de A a Z.&quot;" owner="amazon_resources" source_name="Verificar se o título da página fica &quot;${TITULO}&quot;">
<kw name="Title Should Be" owner="SeleniumLibrary">
<msg time="2025-01-27T22:18:27.095399" level="INFO">Page title is 'Amazon.com.br | Tudo pra você, de A a Z.'.</msg>
<arg>title=${TITULO}</arg>
<doc>Verifies that the current page title equals ``title``.</doc>
<status status="PASS" start="2025-01-27T22:18:27.090000" elapsed="0.005492"/>
</kw>
<status status="PASS" start="2025-01-27T22:18:27.089771" elapsed="0.005800"/>
</kw>
<status status="PASS" start="2025-01-27T22:18:00.929363" elapsed="26.166250"/>
</kw>
<kw name="Quando pesquisar pelo produto &quot;Xbox Series S&quot;" owner="amazon_resources_bdd">
<kw name="Digitar o nome de produto &quot;xbox Series S&quot; no campo de pesquisa" owner="amazon_resources" source_name="Digitar o nome de produto &quot;${PRODUTO}&quot; no campo de pesquisa">
<kw name="Input Text" owner="SeleniumLibrary">
<msg time="2025-01-27T22:18:27.096447" level="INFO">Typing text 'xbox Series S' into text field 'twotabsearchtextbox'.</msg>
<arg>locator=twotabsearchtextbox</arg>
<arg>text=${PRODUTO}</arg>
<doc>Types the given ``text`` into the text field identified by ``locator``.</doc>
<status status="PASS" start="2025-01-27T22:18:27.096270" elapsed="0.148155"/>
</kw>
<status status="PASS" start="2025-01-27T22:18:27.096095" elapsed="0.148527"/>
</kw>
<kw name="Clicar no botao de pesquisa" owner="amazon_resources">
<kw name="Click Button" owner="SeleniumLibrary">
<msg time="2025-01-27T22:18:27.245161" level="INFO">Clicking button 'nav-search-submit-button'.</msg>
<arg>locator=nav-search-submit-button</arg>
<doc>Clicks the button identified by ``locator``.</doc>
<status status="PASS" start="2025-01-27T22:18:27.244991" elapsed="1.801331"/>
</kw>
<status status="PASS" start="2025-01-27T22:18:27.244767" elapsed="1.801656"/>
</kw>
<status status="PASS" start="2025-01-27T22:18:27.095885" elapsed="1.950581"/>
</kw>
<kw name="Então o resultado pesuisa do produto da linha &quot;Xbox Series S&quot; deve ser mostrado na página" owner="amazon_resources_bdd">
<kw name="Verificar o resultado da pesquisa" owner="amazon_resources">
<kw name="Wait Until Element Is Visible" owner="SeleniumLibrary">
<arg>locator=${TEXTO_RESULTADOS}</arg>
<doc>Waits until the element ``locator`` is visible.</doc>
<status status="PASS" start="2025-01-27T22:18:29.047102" elapsed="0.022587"/>
</kw>
<status status="PASS" start="2025-01-27T22:18:29.046925" elapsed="0.022914"/>
</kw>
<status status="PASS" start="2025-01-27T22:18:29.046670" elapsed="0.023216"/>
</kw>
<kw name="Fechar o navegador" owner="amazon_resources" type="TEARDOWN">
<kw name="Capture Page Screenshot" owner="SeleniumLibrary">
<msg time="2025-01-27T22:18:29.263318" level="INFO" html="true">&lt;/td&gt;&lt;/tr&gt;&lt;tr&gt;&lt;td colspan="3"&gt;&lt;a href="selenium-screenshot-8.png"&gt;&lt;img src="selenium-screenshot-8.png" width="800px"&gt;&lt;/a&gt;</msg>
<doc>Takes a screenshot of the current page and embeds it into a log file.</doc>
<status status="PASS" start="2025-01-27T22:18:29.070409" elapsed="0.193012"/>
</kw>
<kw name="Close Browser" owner="SeleniumLibrary">
<doc>Closes the current browser.</doc>
<status status="PASS" start="2025-01-27T22:18:29.263573" elapsed="0.093422"/>
</kw>
<status status="PASS" start="2025-01-27T22:18:29.070181" elapsed="0.286986"/>
</kw>
<doc>Esse teste verifica a busca de produto</doc>
<tag>busca_produtos</tag>
<tag>lista_busca</tag>
<status status="PASS" start="2025-01-27T22:18:00.460536" elapsed="28.896785"/>
</test>
<doc>Essa suite testa o site da amazon.com.br</doc>
<status status="PASS" start="2025-01-27T22:17:30.832778" elapsed="58.525093"/>
</suite>
<statistics>
<total>
<stat pass="2" fail="0" skip="0">All Tests</stat>
</total>
<tag>
<stat pass="1" fail="0" skip="0">busca_produtos</stat>
<stat pass="1" fail="0" skip="0">categorias</stat>
<stat pass="1" fail="0" skip="0">lista_busca</stat>
<stat pass="1" fail="0" skip="0">menus</stat>
</tag>
<suite>
<stat name="Amazon Testes Gherkin Bdd" id="s1" pass="2" fail="0" skip="0">Amazon Testes Gherkin Bdd</stat>
</suite>
</statistics>
<errors>
</errors>
</robot>
